\BOOKMARK [1][-]{section.1}{\376\377\000W\000h\000a\000t\000\040\000i\000s\000\040\000S\000p\000r\000i\000n\000g\000\040\000B\000o\000o\000t\000?}{}% 1
\BOOKMARK [1][-]{section.2}{\376\377\000B\000a\000s\000i\000c\000\040\000C\000o\000m\000m\000a\000n\000d\000s\000\040\000\050\000M\000a\000v\000e\000n\000\040\000\046\000\040\000S\000p\000r\000i\000n\000g\000\040\000B\000o\000o\000t\000\051}{}% 2
\BOOKMARK [2][-]{subsection.2.1}{\376\377\000C\000r\000e\000a\000t\000e\000\040\000a\000\040\000N\000e\000w\000\040\000P\000r\000o\000j\000e\000c\000t\000\040\000\050\000v\000i\000a\000\040\000S\000p\000r\000i\000n\000g\000\040\000I\000n\000i\000t\000i\000a\000l\000i\000z\000r\000\040\000Z\000I\000P\000\051}{section.2}% 3
\BOOKMARK [2][-]{subsection.2.2}{\376\377\000R\000u\000n\000\040\000t\000h\000e\000\040\000A\000p\000p\000l\000i\000c\000a\000t\000i\000o\000n}{section.2}% 4
\BOOKMARK [2][-]{subsection.2.3}{\376\377\000B\000u\000i\000l\000d\000\040\000a\000\040\000.\000j\000a\000r\000\040\000F\000i\000l\000e}{section.2}% 5
\BOOKMARK [2][-]{subsection.2.4}{\376\377\000C\000o\000m\000m\000o\000n\000\040\000M\000a\000v\000e\000n\000\040\000C\000o\000m\000m\000a\000n\000d\000s}{section.2}% 6
\BOOKMARK [1][-]{section.3}{\376\377\000P\000r\000o\000j\000e\000c\000t\000\040\000S\000t\000r\000u\000c\000t\000u\000r\000e\000\040\000\050\000A\000n\000a\000l\000y\000s\000i\000s\000\040\000o\000f\000\040\000s\000r\000c\000/\000\051}{}% 7
\BOOKMARK [2][-]{subsection.3.1}{\376\377\000T\000y\000p\000i\000c\000a\000l\000\040\000M\000a\000v\000e\000n\000\040\000S\000p\000r\000i\000n\000g\000\040\000B\000o\000o\000t\000\040\000L\000a\000y\000o\000u\000t}{section.3}% 8
\BOOKMARK [2][-]{subsection.3.2}{\376\377\000A\000n\000a\000l\000y\000s\000i\000s\000\040\000o\000f\000\040\000K\000e\000y\000\040\000F\000i\000l\000e\000s}{section.3}% 9
\BOOKMARK [1][-]{section.4}{\376\377\000M\000a\000k\000i\000n\000g\000\040\000a\000\040\000B\000a\000s\000e\000\040\000S\000p\000r\000i\000n\000g\000\040\000B\000o\000o\000t\000\040\000A\000p\000p\000l\000i\000c\000a\000t\000i\000o\000n}{}% 10
\BOOKMARK [2][-]{subsection.4.1}{\376\377\000M\000a\000i\000n\000\040\000A\000p\000p\000l\000i\000c\000a\000t\000i\000o\000n\000\040\000C\000l\000a\000s\000s}{section.4}% 11
\BOOKMARK [2][-]{subsection.4.2}{\376\377\000S\000i\000m\000p\000l\000e\000\040\000R\000E\000S\000T\000\040\000C\000o\000n\000t\000r\000o\000l\000l\000e\000r}{section.4}% 12
\BOOKMARK [2][-]{subsection.4.3}{\376\377\000U\000s\000i\000n\000g\000\040\000a\000\040\000S\000e\000r\000v\000i\000c\000e\000\040\000C\000l\000a\000s\000s}{section.4}% 13
\BOOKMARK [1][-]{section.5}{\376\377\000C\000o\000n\000f\000i\000g\000u\000r\000a\000t\000i\000o\000n\000:\000\040\000a\000p\000p\000l\000i\000c\000a\000t\000i\000o\000n\000.\000p\000r\000o\000p\000e\000r\000t\000i\000e\000s}{}% 14
\BOOKMARK [2][-]{subsection.5.1}{\376\377\000B\000a\000s\000i\000c\000\040\000S\000e\000t\000t\000i\000n\000g\000s}{section.5}% 15
\BOOKMARK [1][-]{section.6}{\376\377\000M\000o\000r\000e\000\040\000J\000a\000v\000a\000\040\000E\000x\000a\000m\000p\000l\000e\000s\000\040\000\050\000C\000R\000U\000D\000\040\000S\000k\000e\000l\000e\000t\000o\000n\000\051}{}% 16
\BOOKMARK [2][-]{subsection.6.1}{\376\377\000S\000i\000m\000p\000l\000e\000\040\000M\000o\000d\000e\000l\000\040\000C\000l\000a\000s\000s}{section.6}% 17
\BOOKMARK [2][-]{subsection.6.2}{\376\377\000C\000o\000n\000t\000r\000o\000l\000l\000e\000r\000\040\000w\000i\000t\000h\000\040\000B\000a\000s\000i\000c\000\040\000C\000R\000U\000D\000\040\000E\000n\000d\000p\000o\000i\000n\000t\000s\000\040\000\050\000i\000n\000-\000m\000e\000m\000o\000r\000y\000\040\000l\000i\000s\000t\000\051}{section.6}% 18
\BOOKMARK [1][-]{section.7}{\376\377\000H\000o\000w\000\040\000t\000o\000\040\000B\000u\000i\000l\000d\000\040\000Y\000o\000u\000r\000\040\000O\000w\000n\000\040\000B\000a\000s\000e\000\040\000P\000r\000o\000j\000e\000c\000t\000\040\000\050\000S\000t\000e\000p\000-\000b\000y\000-\000s\000t\000e\000p\000\051}{}% 19
\BOOKMARK [2][-]{subsection.7.1}{\376\377\000C\000h\000e\000c\000k\000l\000i\000s\000t}{section.7}% 20
\BOOKMARK [2][-]{subsection.7.2}{\376\377\000M\000i\000n\000i\000m\000a\000l\000\040\000B\000a\000s\000e\000\040\000E\000x\000a\000m\000p\000l\000e}{section.7}% 21
\BOOKMARK [1][-]{section.8}{\376\377\000S\000u\000m\000m\000a\000r\000y}{}% 22
