\BOOKMARK [1][-]{section.1}{\376\377\000I\000n\000t\000r\000o\000d\000u\000c\000t\000i\000o\000n\000\040\000t\000o\000\040\000B\000i\000g\000\040\000D\000a\000t\000a}{}% 1
\BOOKMARK [1][-]{section.2}{\376\377\000H\000a\000d\000o\000o\000p\000\040\000E\000c\000o\000s\000y\000s\000t\000e\000m}{}% 2
\BOOKMARK [2][-]{subsection.2.1}{\376\377\000W\000h\000a\000t\000\040\000i\000s\000\040\000H\000a\000d\000o\000o\000p\000?}{section.2}% 3
\BOOKMARK [2][-]{subsection.2.2}{\376\377\000H\000D\000F\000S\000\040\000A\000r\000c\000h\000i\000t\000e\000c\000t\000u\000r\000e}{section.2}% 4
\BOOKMARK [2][-]{subsection.2.3}{\376\377\000M\000a\000p\000R\000e\000d\000u\000c\000e\000\040\000M\000o\000d\000e\000l}{section.2}% 5
\BOOKMARK [1][-]{section.3}{\376\377\000A\000p\000a\000c\000h\000e\000\040\000S\000p\000a\000r\000k}{}% 6
\BOOKMARK [2][-]{subsection.3.1}{\376\377\000W\000h\000y\000\040\000S\000p\000a\000r\000k\000\040\000i\000s\000\040\000F\000a\000s\000t\000e\000r}{section.3}% 7
\BOOKMARK [2][-]{subsection.3.2}{\376\377\000S\000p\000a\000r\000k\000\040\000P\000r\000o\000g\000r\000a\000m\000m\000i\000n\000g\000\040\000M\000o\000d\000e\000l}{section.3}% 8
\BOOKMARK [1][-]{section.4}{\376\377\000P\000y\000S\000p\000a\000r\000k\000\040\000E\000x\000a\000m\000p\000l\000e\000s\000\040\000\050\000P\000y\000t\000h\000o\000n\000\051}{}% 9
\BOOKMARK [2][-]{subsection.4.1}{\376\377\000C\000r\000e\000a\000t\000i\000n\000g\000\040\000a\000\040\000S\000p\000a\000r\000k\000\040\000S\000e\000s\000s\000i\000o\000n}{section.4}% 10
\BOOKMARK [2][-]{subsection.4.2}{\376\377\000R\000e\000a\000d\000i\000n\000g\000\040\000C\000S\000V\000\040\000D\000a\000t\000a}{section.4}% 11
\BOOKMARK [2][-]{subsection.4.3}{\376\377\000F\000i\000l\000t\000e\000r\000i\000n\000g\000\040\000a\000n\000d\000\040\000S\000e\000l\000e\000c\000t\000i\000n\000g\000\040\000D\000a\000t\000a}{section.4}% 12
\BOOKMARK [2][-]{subsection.4.4}{\376\377\000G\000r\000o\000u\000p\000\040\000B\000y\000\040\000A\000g\000g\000r\000e\000g\000a\000t\000i\000o\000n}{section.4}% 13
\BOOKMARK [2][-]{subsection.4.5}{\376\377\000W\000o\000r\000d\000\040\000C\000o\000u\000n\000t\000\040\000w\000i\000t\000h\000\040\000R\000D\000D\000s}{section.4}% 14
\BOOKMARK [1][-]{section.5}{\376\377\000S\000p\000a\000r\000k\000\040\000S\000Q\000L\000\040\000E\000x\000a\000m\000p\000l\000e}{}% 15
\BOOKMARK [1][-]{section.6}{\376\377\000S\000u\000m\000m\000a\000r\000y}{}% 16
\BOOKMARK [1][-]{section.7}{\376\377\000A\000d\000d\000i\000t\000i\000o\000n\000a\000l\000\040\000P\000e\000d\000a\000g\000o\000g\000i\000c\000a\000l\000\040\000N\000o\000t\000e\000s\000\040\000a\000n\000d\000\040\000C\000o\000d\000e\000\040\000E\000x\000a\000m\000p\000l\000e\000s}{}% 17
\BOOKMARK [2][-]{subsection.7.1}{\376\377\000B\000i\000g\000\040\000D\000a\000t\000a\000\040\000a\000n\000d\000\040\000H\000D\000F\000S\000\040\000i\000n\000\040\000P\000r\000a\000c\000t\000i\000c\000e}{section.7}% 18
\BOOKMARK [2][-]{subsection.7.2}{\376\377\000W\000o\000r\000k\000i\000n\000g\000\040\000w\000i\000t\000h\000\040\000R\000D\000D\000s\000\040\000\050\000L\000o\000w\000-\000L\000e\000v\000e\000l\000\040\000A\000P\000I\000\051}{section.7}% 19
\BOOKMARK [2][-]{subsection.7.3}{\376\377\000C\000r\000e\000a\000t\000i\000n\000g\000\040\000D\000a\000t\000a\000F\000r\000a\000m\000e\000s\000\040\000i\000n\000\040\000D\000i\000f\000f\000e\000r\000e\000n\000t\000\040\000W\000a\000y\000s}{section.7}% 20
\BOOKMARK [2][-]{subsection.7.4}{\376\377\000D\000a\000t\000a\000F\000r\000a\000m\000e\000:\000\040\000S\000e\000l\000e\000c\000t\000,\000\040\000F\000i\000l\000t\000e\000r\000,\000\040\000N\000e\000w\000\040\000C\000o\000l\000u\000m\000n\000s}{section.7}% 21
\BOOKMARK [2][-]{subsection.7.5}{\376\377\000G\000r\000o\000u\000p\000B\000y\000\040\000\046\000\040\000A\000g\000g\000r\000e\000g\000a\000t\000i\000o\000n\000s\000\040\000\050\000M\000o\000r\000e\000\040\000E\000x\000a\000m\000p\000l\000e\000s\000\051}{section.7}% 22
\BOOKMARK [2][-]{subsection.7.6}{\376\377\000J\000o\000i\000n\000s\000\040\000B\000e\000t\000w\000e\000e\000n\000\040\000D\000a\000t\000a\000F\000r\000a\000m\000e\000s}{section.7}% 23
\BOOKMARK [2][-]{subsection.7.7}{\376\377\000U\000s\000e\000r\000-\000D\000e\000f\000i\000n\000e\000d\000\040\000F\000u\000n\000c\000t\000i\000o\000n\000s\000\040\000\050\000U\000D\000F\000s\000\051}{section.7}% 24
\BOOKMARK [2][-]{subsection.7.8}{\376\377\000W\000i\000n\000d\000o\000w\000\040\000F\000u\000n\000c\000t\000i\000o\000n\000s\000\040\000\050\000R\000u\000n\000n\000i\000n\000g\000\040\000T\000o\000t\000a\000l\000s\000,\000\040\000R\000a\000n\000k\000i\000n\000g\000s\000\051}{section.7}% 25
\BOOKMARK [2][-]{subsection.7.9}{\376\377\000S\000p\000a\000r\000k\000\040\000S\000Q\000L\000:\000\040\000M\000o\000r\000e\000\040\000C\000o\000m\000p\000l\000e\000x\000\040\000Q\000u\000e\000r\000i\000e\000s}{section.7}% 26
\BOOKMARK [2][-]{subsection.7.10}{\376\377\000M\000a\000c\000h\000i\000n\000e\000\040\000L\000e\000a\000r\000n\000i\000n\000g\000\040\000w\000i\000t\000h\000\040\000M\000L\000l\000i\000b\000:\000\040\000C\000l\000a\000s\000s\000i\000f\000i\000c\000a\000t\000i\000o\000n}{section.7}% 27
\BOOKMARK [2][-]{subsection.7.11}{\376\377\000M\000L\000l\000i\000b\000:\000\040\000R\000e\000g\000r\000e\000s\000s\000i\000o\000n\000\040\000E\000x\000a\000m\000p\000l\000e}{section.7}% 28
\BOOKMARK [2][-]{subsection.7.12}{\376\377\000M\000L\000l\000i\000b\000:\000\040\000K\000-\000M\000e\000a\000n\000s\000\040\000C\000l\000u\000s\000t\000e\000r\000i\000n\000g}{section.7}% 29
\BOOKMARK [2][-]{subsection.7.13}{\376\377\000S\000p\000a\000r\000k\000\040\000S\000t\000r\000u\000c\000t\000u\000r\000e\000d\000\040\000S\000t\000r\000e\000a\000m\000i\000n\000g\000:\000\040\000S\000i\000m\000p\000l\000e\000\040\000E\000x\000a\000m\000p\000l\000e}{section.7}% 30
\BOOKMARK [2][-]{subsection.7.14}{\376\377\000M\000i\000n\000i\000\040\000E\000T\000L\000\040\000P\000i\000p\000e\000l\000i\000n\000e\000\040\000E\000x\000a\000m\000p\000l\000e}{section.7}% 31
